# JRE version: Java(TM) SE Runtime Environment (18.0.1.1+2) (build 18.0.1.1+2-6)
# Java VM: Java HotSpot(TM) 64-Bit Server VM (18.0.1.1+2-6, mixed mode, sharing, tiered, compressed oops, compressed class ptrs, g1 gc, bsd-aarch64)
GC Precious Log:
 CardTable entry size: 512
 Card Set container configuration: InlinePtr #cards 4 size 8 Array Of Cards #cards 16 size 48 Howl #buckets 8 coarsen threshold 3686 Howl Bitmap #cards 512 size 80 coarsen threshold 460 Card regions per heap region 1 cards per card region 4096
 CPUs: 8 total, 8 available
 Memory: 16384M
 Large Page Support: Disabled
 NUMA Support: Disabled
 Compressed Oops: Enabled (Zero based)
 Heap Region Size: 2M
 Heap Min Capacity: 8M
 Heap Initial Capacity: 256M
 Heap Max Capacity: 4G
 Pre-touch: Disabled
 Parallel Workers: 8
 Concurrent Workers: 2
 Concurrent Refinement Workers: 8
 Periodic GC: Disabled
Heap:
 garbage-first heap   total 266240K, used 138158K [0x0000000700000000, 0x0000000800000000)
  region size 2048K, 66 young (135168K), 2 survivors (4096K)
 Metaspace       used 11868K, committed 12096K, reserved 1114112K
  class space    used 1178K, committed 1280K, reserved 1048576K
GC Heap History (12 events):
Event: 6.771 GC heap before
{Heap before GC invocations=0 (full 0):
 garbage-first heap   total 266240K, used 55200K [0x0000000700000000, 0x0000000800000000)
  region size 2048K, 11 young (22528K), 0 survivors (0K)
 Metaspace       used 10639K, committed 10880K, reserved 1114112K
  class space    used 1167K, committed 1280K, reserved 1048576K
}
Event: 6.773 GC heap after
{Heap after GC invocations=1 (full 0):
 garbage-first heap   total 266240K, used 42176K [0x0000000700000000, 0x0000000800000000)
  region size 2048K, 2 young (4096K), 2 survivors (4096K)
 Metaspace       used 10639K, committed 10880K, reserved 1114112K
  class space    used 1167K, committed 1280K, reserved 1048576K
}
Event: 7.437 GC heap before
{Heap before GC invocations=1 (full 0):
 garbage-first heap   total 266240K, used 70848K [0x0000000700000000, 0x0000000800000000)
  region size 2048K, 17 young (34816K), 2 survivors (4096K)
 Metaspace       used 10866K, committed 11136K, reserved 1114112K
  class space    used 1167K, committed 1280K, reserved 1048576K
}
Event: 7.439 GC heap after
{Heap after GC invocations=2 (full 0):
 garbage-first heap   total 266240K, used 10540K [0x0000000700000000, 0x0000000800000000)
  region size 2048K, 2 young (4096K), 2 survivors (4096K)
 Metaspace       used 10866K, committed 11136K, reserved 1114112K
  class space    used 1167K, committed 1280K, reserved 1048576K
}
Event: 10.805 GC heap before
{Heap before GC invocations=2 (full 0):
 garbage-first heap   total 266240K, used 190764K [0x0000000700000000, 0x0000000800000000)
  region size 2048K, 77 young (157696K), 2 survivors (4096K)
 Metaspace       used 11379K, committed 11584K, reserved 1114112K
  class space    used 1171K, committed 1280K, reserved 1048576K
}
Event: 10.806 GC heap after
{Heap after GC invocations=3 (full 0):
 garbage-first heap   total 266240K, used 46594K [0x0000000700000000, 0x0000000800000000)
  region size 2048K, 4 young (8192K), 4 survivors (8192K)
 Metaspace       used 11379K, committed 11584K, reserved 1114112K
  class space    used 1171K, committed 1280K, reserved 1048576K
}
Event: 14.135 GC heap before
{Heap before GC invocations=3 (full 0):
 garbage-first heap   total 266240K, used 192002K [0x0000000700000000, 0x0000000800000000)
  region size 2048K, 76 young (155648K), 4 survivors (8192K)
 Metaspace       used 11525K, committed 11712K, reserved 1114112K
  class space    used 1171K, committed 1280K, reserved 1048576K
}
Event: 14.136 GC heap after
{Heap after GC invocations=4 (full 0):
 garbage-first heap   total 266240K, used 12490K [0x0000000700000000, 0x0000000800000000)
  region size 2048K, 3 young (6144K), 3 survivors (6144K)
 Metaspace       used 11525K, committed 11712K, reserved 1114112K
  class space    used 1171K, committed 1280K, reserved 1048576K
}
Event: 17.503 GC heap before
{Heap before GC invocations=4 (full 0):
 garbage-first heap   total 266240K, used 159946K [0x0000000700000000, 0x0000000800000000)
  region size 2048K, 77 young (157696K), 3 survivors (6144K)
 Metaspace       used 11641K, committed 11904K, reserved 1114112K
  class space    used 1171K, committed 1280K, reserved 1048576K
}
Event: 17.504 GC heap after
{Heap after GC invocations=5 (full 0):
 garbage-first heap   total 266240K, used 13165K [0x0000000700000000, 0x0000000800000000)
  region size 2048K, 3 young (6144K), 3 survivors (6144K)
 Metaspace       used 11641K, committed 11904K, reserved 1114112K
  class space    used 1171K, committed 1280K, reserved 1048576K
}
Event: 20.866 GC heap before
{Heap before GC invocations=5 (full 0):
 garbage-first heap   total 266240K, used 160621K [0x0000000700000000, 0x0000000800000000)
  region size 2048K, 76 young (155648K), 3 survivors (6144K)
 Metaspace       used 11818K, committed 12032K, reserved 1114112K
  class space    used 1178K, committed 1280K, reserved 1048576K
}
Event: 20.867 GC heap after
{Heap after GC invocations=6 (full 0):
 garbage-first heap   total 266240K, used 11182K [0x0000000700000000, 0x0000000800000000)
  region size 2048K, 2 young (4096K), 2 survivors (4096K)
 Metaspace       used 11818K, committed 12032K, reserved 1114112K
  class space    used 1178K, committed 1280K, reserved 1048576K
}

